<?xml version="1.0" encoding="UTF-8"?>
<!-- Generated by org.testng.reporters.JUnitReportReporter -->
<testsuite hostname="PAVANKUMAR" failures="0" tests="1" name="scripts.TestCase3" time="21.695" errors="0" timestamp="2022-09-11T11:59:03 IST" skipped="0">
  <testcase classname="scripts.TestCase3" name="tc3" time="21.695"/>
  <system-out/>
</testsuite> <!-- scripts.TestCase3 -->
