<?xml version="1.0" encoding="UTF-8"?>
<!-- Generated by org.testng.reporters.JUnitReportReporter -->
<testsuite hostname="PAVANKUMAR" failures="0" tests="1" name="scripts.TestCase1" time="8.338" errors="0" timestamp="2022-09-11T11:59:03 IST" skipped="0">
  <testcase classname="scripts.TestCase1" name="tc1" time="8.338"/>
  <system-out/>
</testsuite> <!-- scripts.TestCase1 -->
